<?xml version="1.0" encoding="UTF-8" ?>
<testsuite tests="36" failures="0" name="com.testrunner.TestRunner" time="1.289" errors="0" skipped="0">
  <properties>
[...]
</properties>
  <testcase classname="Scenario: Verify login functionality by passing valid credentials" name="When user open &quot;Chrome&quot; browser" time="0.005"/>
  <testcase classname="Scenario: Verify login functionality by passing valid credentials" name="When user enters url &quot;http://www.gcrit.com/build3/admin/login&quot;" time="0"/>
  <testcase classname="Scenario: Verify login functionality by passing valid credentials" name="Then user will be on Applications login page" time="0"/>
  <testcase classname="Scenario: Verify login functionality by passing valid credentials" name="When user enters username as &quot;admin&quot;" time="0"/>
  <testcase classname="Scenario: Verify login functionality by passing valid credentials" name="When user enters password as &quot;admin@123&quot;" time="0"/>
  <testcase classname="Scenario: Verify login functionality by passing valid credentials" name="When user clicks on submit button" time="0"/>
  <testcase classname="Scenario: Verify login functionality by passing valid credentials" name="Then user will be on application&apos;s home page" time="0"/>
  <testcase classname="Scenario: Verify login functionality by passing valid credentials" name="Then close the browser" time="0"/>
  <testcase classname="Scenario: Verify login functionality by passing valid credentials" name="Scenario: Verify login functionality by passing valid credentials" time="0.674"/>
  <testcase classname="| Admin | Admin@123 |" name="When user open &quot;Chrome&quot; browser" time="0"/>
  <testcase classname="| Admin | Admin@123 |" name="When user enters url &quot;http://www.gcrit.com/build3/admin/login&quot;" time="0"/>
  <testcase classname="| Admin | Admin@123 |" name="Then user will be on Applications login page" time="0"/>
  <testcase classname="| Admin | Admin@123 |" name="When user enters username as &quot;Admin&quot;" time="0"/>
  <testcase classname="| Admin | Admin@123 |" name="When user enters password as &quot;Admin@123&quot;" time="0"/>
  <testcase classname="| Admin | Admin@123 |" name="When user clicks on submit button" time="0"/>
  <testcase classname="| Admin | Admin@123 |" name="Then user will be on application&apos;s Login Page With error message &quot; Error: Invalid administrator login attempt.&quot;" time="0"/>
  <testcase classname="| Admin | Admin@123 |" name="Then close the browser" time="0"/>
  <testcase classname="| Admin | Admin@123 |" name="| Admin | Admin@123 |" time="0.183"/>
  <testcase classname="| admin | Admin@123 |" name="When user open &quot;Chrome&quot; browser" time="0"/>
  <testcase classname="| admin | Admin@123 |" name="When user enters url &quot;http://www.gcrit.com/build3/admin/login&quot;" time="0"/>
  <testcase classname="| admin | Admin@123 |" name="Then user will be on Applications login page" time="0"/>
  <testcase classname="| admin | Admin@123 |" name="When user enters username as &quot;admin&quot;" time="0"/>
  <testcase classname="| admin | Admin@123 |" name="When user enters password as &quot;Admin@123&quot;" time="0"/>
  <testcase classname="| admin | Admin@123 |" name="When user clicks on submit button" time="0"/>
  <testcase classname="| admin | Admin@123 |" name="Then user will be on application&apos;s Login Page With error message &quot; Error: Invalid administrator login attempt.&quot;" time="0"/>
  <testcase classname="| admin | Admin@123 |" name="Then close the browser" time="0"/>
  <testcase classname="| admin | Admin@123 |" name="| admin | Admin@123 |" time="0.223"/>
  <testcase classname="| Admin | admin@123 |" name="When user open &quot;Chrome&quot; browser" time="0.001"/>
  <testcase classname="| Admin | admin@123 |" name="When user enters url &quot;http://www.gcrit.com/build3/admin/login&quot;" time="0"/>
  <testcase classname="| Admin | admin@123 |" name="Then user will be on Applications login page" time="0"/>
  <testcase classname="| Admin | admin@123 |" name="When user enters username as &quot;Admin&quot;" time="0"/>
  <testcase classname="| Admin | admin@123 |" name="When user enters password as &quot;admin@123&quot;" time="0"/>
  <testcase classname="| Admin | admin@123 |" name="When user clicks on submit button" time="0"/>
  <testcase classname="| Admin | admin@123 |" name="Then user will be on application&apos;s Login Page With error message &quot; Error: Invalid administrator login attempt.&quot;" time="0"/>
  <testcase classname="| Admin | admin@123 |" name="Then close the browser" time="0"/>
  <testcase classname="| Admin | admin@123 |" name="| Admin | admin@123 |" time="0.203"/>
</testsuite>